[2026-02-17 17:42:44.71275] [972795] [info] Connected to dbi:SQLite:dbname=./data/cpan.metapackager.sqlite
[2026-02-17 17:42:44.71294] [972795] [info] --------------------------------------------------
[2026-02-17 17:42:44.71297] [972795] [info] Dropping all tables
[2026-02-17 17:42:44.71311] [972795] [info] Dropped all tables
[2026-02-17 17:42:44.71315] [972795] [info] --------------------------------------------------
[2026-02-17 17:42:57.85731] [972898] [info] Connected to dbi:SQLite:dbname=./data/cpan.metapackager.sqlite
[2026-02-17 17:42:57.85750] [972898] [info] --------------------------------------------------
[2026-02-17 17:42:57.85753] [972898] [info] Creating all tables
[2026-02-17 17:42:57.86922] [972898] [info] Created all tables
[2026-02-17 17:42:57.86928] [972898] [info] --------------------------------------------------
[2026-02-17 17:43:01.10116] [972924] [info] Connected to dbi:SQLite:dbname=./data/cpan.metapackager.sqlite
[2026-02-17 17:43:01.10134] [972924] [info] --------------------------------------------------
[2026-02-17 17:43:01.10137] [972924] [info] Dropping all tables
[2026-02-17 17:43:01.11210] [972924] [info] Dropped all tables
[2026-02-17 17:43:01.11215] [972924] [info] --------------------------------------------------
[2026-02-17 17:43:02.94183] [972939] [info] Connected to dbi:SQLite:dbname=./data/cpan.metapackager.sqlite
[2026-02-17 17:43:02.94200] [972939] [info] --------------------------------------------------
[2026-02-17 17:43:02.94203] [972939] [info] Creating all tables
[2026-02-17 17:43:02.95481] [972939] [info] Created all tables
[2026-02-17 17:43:02.95487] [972939] [info] --------------------------------------------------
